<?xml version="1.0" encoding="UTF-8"?>
<!-- Generated by org.testng.reporters.JUnitReportReporter -->
<testsuite hostname="DESKTOP-2285V6I" failures="0" tests="1" name="loginTest.validLoginTest" time="1.322" errors="0" timestamp="2021-05-22T10:16:12 EDT" skipped="0">
  <testcase classname="loginTest.validLoginTest" name="verifyLoginInputProperly" time="1.322"/>
  <system-out/>
</testsuite> <!-- loginTest.validLoginTest -->
