<?xml version="1.0" encoding="UTF-8"?>
<!-- Generated by org.testng.reporters.JUnitReportReporter -->
<testsuite hostname="DESKTOP-2285V6I" failures="0" tests="10" name="overviewPage.OverviewDisplayTest" time="0.304" errors="0" timestamp="2021-05-22T10:16:12 EDT" skipped="0">
  <testcase classname="overviewPage.OverviewDisplayTest" name="verifySpecialTextDisplay" time="0.049"/>
  <system-out/>
  <testcase classname="overviewPage.OverviewDisplayTest" name="myOrdersTextDisplay" time="0.021"/>
  <system-out/>
  <testcase classname="overviewPage.OverviewDisplayTest" name="termsAndConditionTextDisplay" time="0.026"/>
  <system-out/>
  <testcase classname="overviewPage.OverviewDisplayTest" name="newProductsTextDisplay" time="0.036"/>
  <system-out/>
  <testcase classname="overviewPage.OverviewDisplayTest" name="ourStoresTextDisplay" time="0.024"/>
  <system-out/>
  <testcase classname="overviewPage.OverviewDisplayTest" name="contactUsTextDisplay" time="0.032"/>
  <system-out/>
  <testcase classname="overviewPage.OverviewDisplayTest" name="siteMapTextDisplay" time="0.026"/>
  <system-out/>
  <testcase classname="overviewPage.OverviewDisplayTest" name="bestSellersTextDisplay" time="0.033"/>
  <system-out/>
  <testcase classname="overviewPage.OverviewDisplayTest" name="aboutUSTextDisplay" time="0.037"/>
  <system-out/>
  <testcase classname="overviewPage.OverviewDisplayTest" name="myCreditSlipsTextDisplay" time="0.020"/>
  <system-out/>
</testsuite> <!-- overviewPage.OverviewDisplayTest -->
